IP Upgrade report for console
Sun Jan 27 14:59:26 2019
Quartus Prime Version 17.1.1 Internal Build 593 12/11/2017 SJ Lite Edition


---------------------
; Table of Contents ;
---------------------
  1. Legal Notice
  2. IP Upgrade Summary
  3. Successfully Upgraded IP Components
  4. IP Upgrade Messages



----------------
; Legal Notice ;
----------------
Copyright (C) 2017  Intel Corporation. All rights reserved.
Your use of Intel Corporation's design tools, logic functions 
and other software and tools, and its AMPP partner logic 
functions, and any output files from any of the foregoing 
(including device programming or simulation files), and any 
associated documentation or information are expressly subject 
to the terms and conditions of the Intel Program License 
Subscription Agreement, the Intel Quartus Prime License Agreement,
the Intel FPGA IP License Agreement, or other applicable license
agreement, including, without limitation, that your use is for
the sole purpose of programming logic devices manufactured by
Intel and sold by Intel or its authorized distributors.  Please
refer to the applicable agreement for further details.



+-------------------------------------------------------------------------------------+
; IP Upgrade Summary                                                                  ;
+------------------------------+------------------------------------------------------+
; IP Components Upgrade Status ; Failed - Sun Jan 27 14:59:26 2019                    ;
; Quartus Prime Version        ; 17.1.1 Internal Build 593 12/11/2017 SJ Lite Edition ;
; Revision Name                ; console                                              ;
; Top-level Entity Name        ; sys_top                                              ;
; Family                       ; Cyclone V                                            ;
+------------------------------+------------------------------------------------------+


+-----------------------------------------------------------------------------------------------------------------------------+
; Successfully Upgraded IP Components                                                                                         ;
+--------------+---------------------+---------+----------------------+----------------------+----------------------+---------+
; Entity Name  ; Component Name      ; Version ; Original Source File ; Generation File Path ; New Source File      ; Message ;
+--------------+---------------------+---------+----------------------+----------------------+----------------------+---------+
; pll_hdmi     ; altera_pll          ; 17.0    ; sys/pll_hdmi.qip     ; sys/pll_hdmi.v       ; sys/pll_hdmi.qip     ;         ;
; pll_hdmi_cfg ; altera_pll_reconfig ; 17.0    ; sys/pll_hdmi_cfg.qip ; sys/pll_hdmi_cfg.v   ; sys/pll_hdmi_cfg.qip ;         ;
+--------------+---------------------+---------+----------------------+----------------------+----------------------+---------+


+---------------------+
; IP Upgrade Messages ;
+---------------------+
Info (11902): Backing up file "sys/pll_hdmi.v" to "sys/pll_hdmi.BAK.v"
Info (11837): Started upgrading IP component altera_pll with file "sys/pll_hdmi.v"
Info (11902): Backing up file "sys/pll_hdmi_cfg.v" to "sys/pll_hdmi_cfg.BAK.v"
Info (11837): Started upgrading IP component altera_pll_reconfig with file "sys/pll_hdmi_cfg.v"
Info (11131): Completed upgrading IP component altera_pll with file "sys/pll_hdmi.v"
Info (11131): Completed upgrading IP component altera_pll_reconfig with file "sys/pll_hdmi_cfg.v"
Info (23030): Evaluation of Tcl script c:/intelfpga_lite/17.1/quartus/common/tcl/internal/ip_regen/ip_regen.tcl was successful
Info: Quartus Prime Shell was successful. 0 errors, 0 warnings
    Info: Peak virtual memory: 4872 megabytes
    Info: Processing ended: Sun Jan 27 14:59:26 2019
    Info: Elapsed time: 00:01:01
    Info: Total CPU time (on all processors): 00:00:29


